TN:
SF:script.js
FN:8,initializeData
FN:9,(anonymous_1)
FN:21,buildMonthsUI
FN:25,(anonymous_3)
FN:54,attachInputListeners
FN:55,(anonymous_5)
FN:56,(anonymous_6)
FN:70,showFeedback
FN:77,(anonymous_8)
FN:83,saveToStorage
FN:94,loadFromStorage
FN:110,clearAllData
FN:122,initializeChart
FN:123,(anonymous_13)
FN:124,(anonymous_14)
FN:175,(anonymous_15)
FN:185,(anonymous_16)
FN:214,downloadChartAsPNG
FN:243,validateUsername
FN:255,updateValidationUI
FN:267,(anonymous_20)
FN:285,handleUsernameSubmit
FN:288,(anonymous_22)
FN:315,(anonymous_23)
FN:330,(anonymous_24)
FN:335,(anonymous_25)
FNF:26
FNH:5
FNDA:4,initializeData
FNDA:48,(anonymous_1)
FNDA:0,buildMonthsUI
FNDA:0,(anonymous_3)
FNDA:0,attachInputListeners
FNDA:0,(anonymous_5)
FNDA:0,(anonymous_6)
FNDA:8,showFeedback
FNDA:1,(anonymous_8)
FNDA:0,saveToStorage
FNDA:0,loadFromStorage
FNDA:0,clearAllData
FNDA:0,initializeChart
FNDA:0,(anonymous_13)
FNDA:0,(anonymous_14)
FNDA:0,(anonymous_15)
FNDA:0,(anonymous_16)
FNDA:0,downloadChartAsPNG
FNDA:27,validateUsername
FNDA:0,updateValidationUI
FNDA:0,(anonymous_20)
FNDA:0,handleUsernameSubmit
FNDA:0,(anonymous_22)
FNDA:0,(anonymous_23)
FNDA:0,(anonymous_24)
FNDA:0,(anonymous_25)
DA:2,1
DA:3,1
DA:5,1
DA:9,4
DA:10,48
DA:11,48
DA:12,48
DA:13,48
DA:22,0
DA:23,0
DA:25,0
DA:26,0
DA:27,0
DA:28,0
DA:30,0
DA:46,0
DA:50,0
DA:55,0
DA:56,0
DA:57,0
DA:58,0
DA:60,0
DA:61,0
DA:63,0
DA:71,8
DA:72,8
DA:73,8
DA:74,8
DA:77,8
DA:78,1
DA:84,0
DA:85,0
DA:86,0
DA:88,0
DA:89,0
DA:95,0
DA:96,0
DA:97,0
DA:98,0
DA:99,0
DA:101,0
DA:104,0
DA:105,0
DA:111,0
DA:112,0
DA:113,0
DA:114,0
DA:115,0
DA:120,1
DA:123,0
DA:124,0
DA:126,0
DA:129,0
DA:130,0
DA:133,0
DA:176,0
DA:186,0
DA:215,0
DA:216,0
DA:217,0
DA:220,0
DA:222,0
DA:223,0
DA:226,0
DA:227,0
DA:228,0
DA:231,0
DA:232,0
DA:233,0
DA:235,0
DA:237,0
DA:238,0
DA:244,27
DA:251,27
DA:256,0
DA:257,0
DA:258,0
DA:261,0
DA:262,0
DA:263,0
DA:264,0
DA:267,0
DA:269,0
DA:270,0
DA:271,0
DA:272,0
DA:273,0
DA:274,0
DA:275,0
DA:276,0
DA:278,0
DA:279,0
DA:280,0
DA:286,0
DA:287,0
DA:288,0
DA:290,0
DA:292,0
DA:293,0
DA:297,0
DA:302,1
DA:303,1
DA:314,1
DA:315,0
DA:317,0
DA:318,0
DA:321,0
DA:324,0
DA:327,0
DA:330,0
DA:331,0
DA:335,0
DA:336,0
DA:340,0
DA:343,0
DA:344,0
DA:345,0
DA:346,0
LF:118
LH:20
BRDA:36,0,0,0
BRDA:36,0,1,0
BRDA:41,1,0,0
BRDA:41,1,1,0
BRDA:58,2,0,0
BRDA:58,2,1,0
BRDA:60,3,0,0
BRDA:60,3,1,0
BRDA:97,4,0,0
BRDA:97,4,1,0
BRDA:111,5,0,0
BRDA:111,5,1,0
BRDA:129,6,0,0
BRDA:129,6,1,0
BRDA:215,7,0,0
BRDA:215,7,1,0
BRDA:261,8,0,0
BRDA:261,8,1,0
BRDA:262,9,0,0
BRDA:262,9,1,0
BRDA:263,10,0,0
BRDA:263,10,1,0
BRDA:264,11,0,0
BRDA:264,11,1,0
BRDA:269,12,0,0
BRDA:269,12,1,0
BRDA:273,13,0,0
BRDA:273,13,1,0
BRDA:290,14,0,0
BRDA:290,14,1,0
BRDA:302,15,0,1
BRDA:302,15,1,0
BRDA:302,16,0,1
BRDA:302,16,1,1
BRDA:314,17,0,0
BRDA:314,17,1,1
BRDA:314,18,0,1
BRDA:314,18,1,0
BRDA:344,19,0,0
BRDA:344,19,1,0
BRF:40
BRH:5
end_of_record
